<?xml version="1.0" encoding="UTF-8"?>
<testng-results skipped="0" failed="0" total="1" passed="1">
  <reporter-output>
  </reporter-output>
  <suite name="Suite" duration-ms="16481" started-at="2020-06-12T07:52:41Z" finished-at="2020-06-12T07:52:58Z">
    <groups>
    </groups>
    <test name="chrome" duration-ms="16481" started-at="2020-06-12T07:52:41Z" finished-at="2020-06-12T07:52:58Z">
      <class name="com.jenkin.JenkinBasics.NewTest">
        <test-method status="PASS" signature="beforeMethod()[pri:0, instance:com.jenkin.JenkinBasics.NewTest@27ddd392]" name="beforeMethod" is-config="true" duration-ms="7" started-at="2020-06-12T13:22:41Z" finished-at="2020-06-12T13:22:41Z">
          <reporter-output>
          </reporter-output>
        </test-method> <!-- beforeMethod -->
        <test-method status="PASS" signature="TestJenkin()[pri:0, instance:com.jenkin.JenkinBasics.NewTest@27ddd392]" name="TestJenkin" duration-ms="16462" started-at="2020-06-12T13:22:41Z" finished-at="2020-06-12T13:22:58Z">
          <reporter-output>
          </reporter-output>
        </test-method> <!-- TestJenkin -->
        <test-method status="PASS" signature="afterMethod()[pri:0, instance:com.jenkin.JenkinBasics.NewTest@27ddd392]" name="afterMethod" is-config="true" duration-ms="0" started-at="2020-06-12T13:22:58Z" finished-at="2020-06-12T13:22:58Z">
          <reporter-output>
          </reporter-output>
        </test-method> <!-- afterMethod -->
      </class> <!-- com.jenkin.JenkinBasics.NewTest -->
    </test> <!-- chrome -->
  </suite> <!-- Suite -->
</testng-results>
